<?xml version="1.0" encoding="UTF-8"?>
<testng-results skipped="0" failed="0" ignored="0" total="1" passed="1">
  <reporter-output>
  </reporter-output>
  <suite name="Default suite" duration-ms="2760" started-at="2021-07-01T18:36:49 CDT" finished-at="2021-07-01T18:36:51 CDT">
    <groups>
    </groups>
    <test name="Default test" duration-ms="2760" started-at="2021-07-01T18:36:49 CDT" finished-at="2021-07-01T18:36:51 CDT">
      <class name="testCases.GET_Read_All_Products">
        <test-method status="PASS" signature="readAllProducts()[pri:0, instance:testCases.GET_Read_All_Products@2f943d71]" name="readAllProducts" duration-ms="2731" started-at="2021-07-01T18:36:49 CDT" finished-at="2021-07-01T18:36:51 CDT">
          <reporter-output>
          </reporter-output>
        </test-method> <!-- readAllProducts -->
      </class> <!-- testCases.GET_Read_All_Products -->
    </test> <!-- Default test -->
  </suite> <!-- Default suite -->
</testng-results>
